[www.virtualstaffing.net/index.html]
[static.wixstatic.com/media/d2db09_ffe8cd4c2e0f4aa482030fe4f017d7c1_mv2.png/v1/fill/w_32,h_32,lg_1,usm_0.66_1.00_0.01/d2db09_ffe8cd4c2e0f4aa482030fe4f017d7c1_mv2.png]
[static.parastorage.com/unpkg/core-js-bundle@3.2.1/minified.js]
[static.parastorage.com/unpkg/focus-within-polyfill@5.0.9/dist/focus-within-polyfill.js]
[polyfill.io/v3/polyfill.mind82c.js]
[browser.sentry-cdn.com/6.18.2/bundle.min.js]
[www.virtualstaffing.net/decodeURIComponent(e.5.delayed]
[backblue.gif]
[fade.gif]
[index.html]
[www.virtualstaffing.net/sitemap.xml]
[www.virtualstaffing.net/feed.7.delayed]
[static.parastorage.com/services/wix-thunderbolt/dist/thunderbolt-commons.dc737072.bundle.min.js]
[static.parastorage.com/services/wix-thunderbolt/dist/main.e01fbae6.bundle.min.js]
[static.parastorage.com/unpkg/lodash@4.17.21/lodash.min.js]
[static.parastorage.com/unpkg/react@16.14.0/umd/react.production.min.js]
[static.parastorage.com/services/tag-manager-client/1.705.0/siteTags.bundle.min.js]
[pagead2.googlesyndication.com/pagead/js/fb62f.txt]
[static.parastorage.com/services/wix-perf-measure/1.1058.0/wix-perf-measure.umd.min.js]
[static.parastorage.com/unpkg/react-dom@16.14.0/umd/react-dom.production.min.js]
[static.wixstatic.com/media/1f031c_48de669844b140f4be33cb4556e88545_mv2.png/v1/fill/w_196,h_113,al_c,q_85,usm_0.66_1.00_0.01,enc_auto/VSS_FAITH.png]
[www.virtualstaffing.net/aboutus.html]
[www.virtualstaffing.net/services.html]
[www.virtualstaffing.net/careers.html]
[static.wixstatic.com/media/1f031c_bf55fa04dd1e4fb7879ca5bc68fa45dc_mv2.jpg/v1/fill/w_147,h_82,al_c,q_80,usm_0.66_1.00_0.01,blur_2,/1f031c_bf55fa04dd1e4fb7879ca5bc68fa45dc_mv2.1]
[static.wixstatic.com/media/1f031c_f70c99203f894ca6899514a1486d861d_mv2.png/v1/fill/w_1331,h_668,al_c,q_90,usm_0.66_1.00_0.01,enc_auto/MAP_STAFFING.png]
[static.wixstatic.com/media/1f031c_e2618369c1d04ff7b2fafa1173838db5_mv2.png/v1/fill/w_199,h_113,al_c,q_85,usm_0.66_1.00_0.01,enc_auto/staffing made easy.png]
[static.wixstatic.com/media/1f031c_0d8e48168b3949f7bd8f498ed8d063c3_mv2.png/v1/fill/w_287,h_50,al_c,q_85,usm_0.66_1.00_0.01,enc_auto/BUTTON.png]
[www.virtualstaffing.net/contactus.html]
[static.wixstatic.com/media/1f031c_e82b279623884acb8790587625b34340_mv2.png/v1/fill/w_570,h_468,al_c,q_85,usm_0.66_1.00_0.01,enc_auto/COLLAGE.png]
[static.wixstatic.com/media/1f031c_070060e10f9c4606a9cfb73dbd244bf7_mv2.png/v1/fill/w_617,h_355,al_c,q_85,usm_0.66_1.00_0.01,enc_auto/HOW DOES.png]
[static.wixstatic.com/media/1f031c_fa11d079f4ae44889e77ebca79c4a0d0_mv2.jpg/v1/fill/w_147,h_83,al_c,q_80,usm_0.66_1.00_0.01,blur_2,/1f031c_fa11d079f4ae44889e77ebca79c4a0d0_mv2.1]
[static.wixstatic.com/media/1f031c_0d8e48168b3949f7bd8f498ed8d063c3_mv2.png/v1/fill/w_72,h_13,al_c,q_85,usm_0.66_1.00_0.01,blur_2,enc_auto/BUTTON.png]
[static.wixstatic.com/media/1f031c_ffc78104a6224b5a84b0a7e8b42e8711_mv2.png/v1/fill/w_55,h_28,al_c,q_85,usm_0.66_1.00_0.01,blur_2,enc_auto/started.png]
[static.wixstatic.com/media/1f031c_a3ab17ebddad491185c731c326aa2b4a_mv2.png/v1/fill/w_407,h_420,al_c,q_85,usm_0.66_1.00_0.01,enc_auto/how1to5.png]
[static.wixstatic.com/media/1f031c_68bd7dcea9ec4e438be55fbdc542a324_mv2.png/v1/fill/w_63,h_17,al_c,q_85,usm_0.66_1.00_0.01,blur_2,enc_auto/collage3.png]
[static.wixstatic.com/media/1f031c_eb49090304d245f48eeb7ec37060be51_mv2.jpg/v1/fill/w_147,h_83,al_c,q_80,usm_0.66_1.00_0.01,blur_2,/1f031c_eb49090304d245f48eeb7ec37060be51_mv2.1]
[static.wixstatic.com/media/1f031c_794674149f5e47cdb43a1ef772c98404_mv2.png/v1/fill/w_73,h_26,al_c,q_85,usm_0.66_1.00_0.01,blur_2,enc_auto/tiles.png]
[static.wixstatic.com/media/1f031c_a4454710b46b48a2ae92b8dc9d67f3bf_mv2.png/v1/fill/w_97,h_32,al_c,q_85,usm_0.66_1.00_0.01,blur_2,enc_auto/vans.png]
[static.wixstatic.com/media/1f031c_86c439bcbcff43ecbc7ed11c38a7c6c1_mv2.png/v1/fill/w_114,h_12,al_c,q_85,usm_0.66_1.00_0.01,blur_2,enc_auto/certs.png]
[static.wixstatic.com/media/1f031c_60fdbe16cc6c406f8992950a74ab6c00_mv2.png/v1/fill/w_59,h_17,al_c,q_85,usm_0.66_1.00_0.01,blur_2,enc_auto/services.png]
[static.wixstatic.com/media/11062b_6f4f22d3a32f4cfd92739f410f2d4038f000.jpg/v1/fill/w_147,h_83,al_c,q_80,usm_0.66_1.00_0.01,blur_2,/11062b_6f4f22d3a32f4cfd92739f410f2d4038f000.2]
[static.wixstatic.com/media/1f031c_767658e3e0414d19b86139339b0dda16_mv2.png/v1/fill/w_64,h_24,al_c,q_85,usm_0.66_1.00_0.01,blur_2,enc_auto/globalFootprint_1600_site.png]
[static.wixstatic.com/media/1f031c_4cf4d72ff4ff4811989877e5fae2bd4bf000.jpg/v1/fill/w_122,h_69,al_c,q_80,usm_0.66_1.00_0.01,blur_2,/1f031c_4cf4d72ff4ff4811989877e5fae2bd4bf000.2]
[static.wixstatic.com/media/1f031c_13530dd75cb64ea5998c46c4888a0e8a_mv2.png/v1/fill/w_184,h_84,al_c,q_85,usm_0.66_1.00_0.01,blur_3,enc_auto/VSS logo-02.png]
[www.virtualstaffing.net/index.html]
[static.wixstatic.com/media/1f031c_4f3b09f384df45408820c70ed2c4ea81_mv2.jpg/v1/fill/w_147,h_98,al_c,q_80,usm_0.66_1.00_0.01,blur_2,/1f031c_4f3b09f384df45408820c70ed2c4ea81_mv2.2]
[static.wixstatic.com/media/1f031c_36f258044ecf4871bb007f9b7b2c5ebe_mv2.jpe/v1/fill/w_140,h_105,al_c,q_80,usm_0.66_1.00_0.01,blur_2/1f031c_36f258044ecf4871bb007f9b7b2c5ebe_mv2.2]
[www.virtualstaffing.net/decodeURIComponent(e.html]
[www.virtualstaffing.net/feed.html]
[static.wixstatic.com/media/1f031c_1041b7a5861240518a1e2273e0e28090_mv2.jpg/v1/fill/w_105,h_79,al_c,q_80,usm_0.66_1.00_0.01,blur_2,/1f031c_1041b7a5861240518a1e2273e0e28090_mv2.2]
[static.wixstatic.com/media/1f031c_65da939e2d7748e1a6376b7ed438732a_mv2.png/v1/fill/w_484,h_508,al_c,q_85,usm_0.66_1.00_0.01,enc_auto/callcenterMan.png]
[static.wixstatic.com/media/1f031c_f895eddea2fb4fda97ccaf8c4d245611_mv2.jpg/v1/fill/w_147,h_82,al_c,q_80,usm_0.66_1.00_0.01,blur_2,/1f031c_f895eddea2fb4fda97ccaf8c4d245611_mv2.2]
[static.wixstatic.com/media/1f031c_06b533770eb74229a9be26d5e8b48970_mv2.png/v1/crop/x_2,y_0,w_437,h_439/fill/w_216,h_217,al_c,q_85,usm_0.66_1.00_0.01,enc_auto/brian.png]
[static.wixstatic.com/media/1f031c_631d068f5c2f454885351b03507e239f_mv2.png/v1/crop/x_2,y_0,w_437,h_439/fill/w_216,h_217,al_c,q_85,usm_0.66_1.00_0.01,enc_auto/brian.png]
[static.wixstatic.com/media/1f031c_966b96a88de74fb5842c1e2d2ce2187d_mv2.png/v1/crop/x_1,y_0,w_437,h_439/fill/w_216,h_217,al_c,q_85,usm_0.66_1.00_0.01,enc_auto/emmylou.png]
[static.wixstatic.com/media/1f031c_3520801decdd41fa898ff3df1cf8e88c_mv2.png/v1/crop/x_1,y_0,w_437,h_439/fill/w_216,h_217,al_c,q_85,usm_0.66_1.00_0.01,enc_auto/art.png]
[static.wixstatic.com/media/1f031c_a3389eee979d4be6ae8364c80f6c7eb4_mv2.png/v1/crop/x_1,y_0,w_437,h_439/fill/w_216,h_217,al_c,q_85,usm_0.66_1.00_0.01,enc_/emmylou copy.31.delaye]
[static.wixstatic.com/media/1f031c_548f309b9c3f482bbb8746be8076a6b9_mv2.png/v1/crop/x_1,y_0,w_437,h_439/fill/w_54,h_54,al_c,q_85,usm_0.66_1.00_0.01,blur_2,enc_auto/ailyn.png]
[static.wixstatic.com/media/1f031c_68eae9a259d745619e1c6136d09e4509_mv2.png/v1/crop/x_1,y_0,w_437,h_439/fill/w_216,h_217,al_c,q_85,usm_0.66_1.00_0.01,enc_au/art copy 2.33.delaye]
[static.wixstatic.com/media/1f031c_2005acf989024986afd529c88d58b8e9_mv2.png/v1/crop/x_1,y_0,w_437,h_439/fill/w_54,h_54,al_c,q_85,usm_0.66_1.00_0.01,blur_2,enc_auto/ariesclr.png]
[static.wixstatic.com/media/1f031c_568ac37af63f43558f5fb587131fd0ba_mv2.png/v1/crop/x_1,y_0,w_437,h_439/fill/w_54,h_54,al_c,q_85,usm_0.66_1.00_0.01,blur_2,e/ailyn copy.35.delaye]
[static.wixstatic.com/media/1f031c_5791942fbe454f109e4efd86228cd14f_mv2.png/v1/crop/x_1,y_0,w_262,h_263/fill/w_54,h_54,al_c,q_85,usm_0.66_1.00_0.01,blur_2,enc_auto/lyle_clr.png]
[static.wixstatic.com/media/1f031c_01ffcf33007d4a86910d4d58af7447c7_mv2.png/v1/crop/x_1,y_0,w_262,h_263/fill/w_54,h_54,al_c,q_85,usm_0.66_1.00_0.01,blur_2,e/warren_clr.38.delaye]
[static.wixstatic.com/media/1f031c_3db8a8ba347a4699bd877a379de7638c_mv2.png/v1/crop/x_1,y_0,w_437,h_439/fill/w_54,h_54,al_c,q_85,usm_0.66_1.00_0.01,blur_/ariesclr copy.37.delaye]
[static.wixstatic.com/media/1f031c_75a815d3bc454e3f904896617e0c3067_mv2.png/v1/crop/x_1,y_0,w_262,h_263/fill/w_54,h_54,al_c,q_85,usm_0.66_1.00_0.01,blur_2,enc_auto/lyle_b.png]
[static.wixstatic.com/media/1f031c_3948de7ac8e44bc7b51f30891ae075c3_mv2.png/v1/crop/x_1,y_0,w_262,h_263/fill/w_54,h_54,al_c,q_85,usm_0.66_1.00_0.01,blur_2,e/warren_blk.39.delaye]
[static.wixstatic.com/media/1f031c_fb5e0e33099844d3ad99b7606b9140d4_mv2.png/v1/crop/x_1,y_0,w_437,h_439/fill/w_54,h_54,al_c,q_85,usm_0.66_1.00_0.01,blur_2,enc_auto/anton.png]
[static.wixstatic.com/media/1f031c_cc25cfa5daa84d34a8c7d47ba0390762_mv2.png/v1/crop/x_1,y_0,w_437,h_439/fill/w_54,h_54,al_c,q_85,usm_0.66_1.00_0.01,blur_2,enc_auto/antonb.png]
[static.wixstatic.com/media/1f031c_46977c6525794431a55d3b1f778d8782_mv2.png/v1/crop/x_1,y_0,w_437,h_439/fill/w_54,h_54,al_c,q_85,usm_0.66_1.00_0.01,blur_2,enc_auto/manolit.png]
[static.wixstatic.com/media/1f031c_e921032bd78a45919a59d9e3b148558b_mv2.png/v1/crop/x_1,y_0,w_437,h_439/fill/w_54,h_54,al_c,q_85,usm_0.66_1.00_0.01,blur_2,enc_auto/jomar.png]
[static.wixstatic.com/media/1f031c_f80b1e99e27242afb729f1ae76556194_mv2.png/v1/crop/x_1,y_0,w_437,h_439/fill/w_54,h_54,al_c,q_85,usm_0.66_1.00_0.01,blur_2/manolit copy.3f.delaye]
[static.wixstatic.com/media/1f031c_3a0d5ddb15d24acc88820c9a8edcf6e5_mv2.png/v1/crop/x_1,y_0,w_437,h_439/fill/w_54,h_54,al_c,q_85,usm_0.66_1.00_0.01,blur_2,enc_auto/kenneth.png]
[static.wixstatic.com/media/1f031c_5d656f2006664fbebd9722e63c5cfd9f_mv2.png/v1/crop/x_1,y_0,w_437,h_439/fill/w_54,h_54,al_c,q_85,usm_0.66_1.00_0.01,blur_2,e/jomar copy.41.delaye]
[static.wixstatic.com/media/1f031c_9939c0d67bc54dc59986b84eebe965b5_mv2.png/v1/crop/x_1,y_0,w_437,h_439/fill/w_54,h_54,al_c,q_85,usm_0.66_1.00_0.01,blur_2,enc_auto/jason.png]
[www.virtualstaffing.net/aboutus.html]
[static.wixstatic.com/media/1f031c_a795288fd0c946fab73918069625d534_mv2.png/v1/crop/x_1,y_0,w_437,h_439/fill/w_54,h_54,al_c,q_85,usm_0.66_1.00_0.01,blur_2/kenneth copy.43.delaye]
[static.wixstatic.com/media/1f031c_36dc468771f14512aefa2a571877f5dc_mv2.png/v1/crop/x_1,y_0,w_437,h_439/fill/w_54,h_54,al_c,q_85,usm_0.66_1.00_0.01,blur_2,e/jason copy.45.delaye]
[static.wixstatic.com/media/1f031c_f24448b0f4084a33926194e5f839c4ca_mv2.png/v1/fill/w_38,h_31,al_c,q_85,usm_0.66_1.00_0.01,blur_2,e/1f031c_f24448b0f4084a33926194e5f839c4ca_mv2.4]
[static.wixstatic.com/media/1f031c_82186b162c404ffd8c424819077ca18e_mv2.jpg/v1/fill/w_122,h_91,al_c,q_80,usm_0.66_1.00_0.01,blur_2,/1f031c_82186b162c404ffd8c424819077ca18e_mv2.4]
[static.parastorage.com/services/wix-thunderbolt/dist/ab-test-compilation/thunderbolt-commons.a9103bf0.bundle.min.js]
[static.parastorage.com/services/wix-thunderbolt/dist/ab-test-compilation/main.524dfb9d.bundle.min.js]
[static.wixstatic.com/media/11062b_fd6ac5a378394c4db4ab3fcb0bae0a47f000.jpg/v1/fill/w_147,h_83,al_c,q_80,usm_0.66_1.00_0.01,blur_2,/11062b_fd6ac5a378394c4db4ab3fcb0bae0a47f000.4]
[static.wixstatic.com/media/1f031c_f895eddea2fb4fda97ccaf8c4d245611_mv2.jpg/v1/fill/w_136,h_76,al_c,q_80,usm_0.66_1.00_0.01,blur_2,/1f031c_f895eddea2fb4fda97ccaf8c4d245611_mv2.4]
[static.wixstatic.com/media/1f031c_c2fd042650754af08d3dc82faf8aa4dc_mv2.png/v1/fill/w_980,h_430,al_c,q_90,usm_0.66_1.00_0.01,enc_auto/services.png]
[static.wixstatic.com/media/1f031c_208411b1406448dd9a0d3cd62ed68c4c_mv2.jpe/v1/fill/w_61,h_37,al_c,q_80,usm_0.66_1.00_0.01,blur_2,e/1f031c_208411b1406448dd9a0d3cd62ed68c4c_mv2.4]
[static.wixstatic.com/media/1f031c_d4973eeb03d649e79fdce998e90541fb_mv2.jpe/v1/fill/w_61,h_41,al_c,q_80,usm_0.66_1.00_0.01,blur_2,e/1f031c_d4973eeb03d649e79fdce998e90541fb_mv2.4]
[www.virtualstaffing.net/healthcare.html]
[static.wixstatic.com/media/1f031c_1f07a022372442028ef425ba2f65b8d6_mv2.jpe/v1/fill/w_61,h_41,al_c,q_80,usm_0.66_1.00_0.01,blur_2,e/1f031c_1f07a022372442028ef425ba2f65b8d6_mv2.5]
[static.wixstatic.com/media/1f031c_99cbe6db08284f8ab26f97552c259121_mv2.jpe/v1/fill/w_61,h_41,al_c,q_80,usm_0.66_1.00_0.01,blur_2,e/1f031c_99cbe6db08284f8ab26f97552c259121_mv2.5]
[www.virtualstaffing.net/financialservices.html]
[static.wixstatic.com/media/1f031c_8080d538ad7a42f699d97af46333e1a3_mv2.jpe/v1/fill/w_61,h_34,al_c,q_80,usm_0.66_1.00_0.01,blur_2,e/1f031c_8080d538ad7a42f699d97af46333e1a3_mv2.5]
[static.wixstatic.com/media/1f031c_8a092b1d6ca140e284f72abd9aba035c_mv2.jpe/v1/fill/w_61,h_34,al_c,q_80,usm_0.66_1.00_0.01,blur_2,e/1f031c_8a092b1d6ca140e284f72abd9aba035c_mv2.5]
[www.virtualstaffing.net/services.html]
[static.wixstatic.com/media/1f031c_07233e47bd6042fe86233f70e6a3d340_mv2.jpg/v1/fill/w_98,h_65,al_c,q_80,usm_0.66_1.00_0.01,blur_2,e/1f031c_07233e47bd6042fe86233f70e6a3d340_mv2.5]
[static.wixstatic.com/media/1f031c_958fa65357d5408fa5c2479aec00593d_mv2.jpe/v1/fill/w_61,h_41,al_c,q_80,usm_0.66_1.00_0.01,blur_2,e/1f031c_958fa65357d5408fa5c2479aec00593d_mv2.5]
[static.wixstatic.com/media/1f031c_d5b0dafe264248a7ac96f76c796c4e10_mv2.jpe/v1/fill/w_61,h_41,al_c,q_80,usm_0.66_1.00_0.01,blur_2,e/1f031c_d5b0dafe264248a7ac96f76c796c4e10_mv2.5]
[www.virtualstaffing.net/internalsupport.html]
[static.parastorage.com/services/wix-code-platform/1.1097.93/elementory-browser-support.min.js]
[www.virtualstaffing.net/media/emptystate.85a4add5.5b.delayed]
[static.parastorage.com/services/pro-gallery-tpa/1.125.0/WixProGalleryViewerWidget.min.css]
[static.wixstatic.com/media/1f031c_5e22e45e595d4efc94a3011ce90d14d9f000.jpg/v1/fill/w_134,h_75,al_c,q_80,usm_0.66_1.00_0.01,blur_2,/1f031c_5e22e45e595d4efc94a3011ce90d14d9f000.5]
[static.wixstatic.com/media/1f031c_a4abde34ad7749008b3de3b66069f072_mv2.jpeg/v1/fill/w_358,h_184,q_90/1f031c_a4abde34ad7749008b3de3b66069f072_mv2.jpg]
[static.wixstatic.com/media/1f031c_ad0f91415b3344cb916517c00ca8badf_mv2.jpeg/v1/fill/w_358,h_278,q_90/1f031c_ad0f91415b3344cb916517c00ca8badf_mv2.jpg]
[static.wixstatic.com/media/1f031c_42abeaf7dcdb48debb9a64e56b766c46_mv2.jpeg/v1/fill/w_358,h_278,q_90/1f031c_42abeaf7dcdb48debb9a64e56b766c46_mv2.jpg]
[static.wixstatic.com/media/1f031c_3c896df41a1546aca3da3659126cb5fe_mv2.jpeg/v1/fill/w_358,h_184,q_90/1f031c_3c896df41a1546aca3da3659126cb5fe_mv2.jpg]
[static.wixstatic.com/media/1f031c_8b6b12cd1cf9470085eb73dbb84783b9_mv2.jpeg/v1/fill/w_358,h_184,q_90/1f031c_8b6b12cd1cf9470085eb73dbb84783b9_mv2.jpg]
[static.wixstatic.com/media/1f031c_645026226b7b4340994b67710646086f_mv2.png/v1/fill/w_358,h_278,q_90/1f031c_645026226b7b4340994b67710646086f_mv2.png]
[static.wixstatic.com/media/1f031c_f10be332caec42ca90b58b1f94354d10_mv2.jpeg/v1/fill/w_358,h_278,q_90/1f031c_f10be332caec42ca90b58b1f94354d10_mv2.jpg]
[static.wixstatic.com/media/1f031c_2a7cfcdaa9cf4857941f84cd281c6505_mv2.jpeg/v1/fill/w_358,h_184,q_90/1f031c_2a7cfcdaa9cf4857941f84cd281c6505_mv2.jpg]
[static.wixstatic.com/media/1f031c_ca3106271e5645a7a2ac9c2eee563e87_mv2.jpeg/v1/fill/w_358,h_184,q_90/1f031c_ca3106271e5645a7a2ac9c2eee563e87_mv2.jpg]
[static.wixstatic.com/media/1f031c_ea679c7f8d7546ef98f7b27b2b71a265_mv2.jpeg/v1/fill/w_358,h_278,q_90/1f031c_ea679c7f8d7546ef98f7b27b2b71a265_mv2.jpg]
[static.wixstatic.com/media/1f031c_04510102a27944df9576bba5ad930a05_mv2.jpeg/v1/fill/w_358,h_278,q_90/1f031c_04510102a27944df9576bba5ad930a05_mv2.jpg]
[static.wixstatic.com/media/1f031c_872c3b5d0aa844369bdb6962f78022ff_mv2.jpg/v1/fill/w_358,h_184,q_90/1f031c_872c3b5d0aa844369bdb6962f78022ff_mv2.jpg]
[static.wixstatic.com/media/1f031c_14123b1419f1465394943e36d4b636ce_mv2.jpeg/v1/fill/w_358,h_184,q_90/1f031c_14123b1419f1465394943e36d4b636ce_mv2.jpg]
[static.wixstatic.com/media/1f031c_483150ef41d04c58b8c3602a4c414a13_mv2.jpeg/v1/fill/w_358,h_278,q_90/1f031c_483150ef41d04c58b8c3602a4c414a13_mv2.jpg]
[static.wixstatic.com/media/1f031c_3990a85a698f41a89c4a3f715c6e1692_mv2.jpg/v1/fill/w_358,h_278,q_90/1f031c_3990a85a698f41a89c4a3f715c6e1692_mv2.jpg]
[static.wixstatic.com/media/1f031c_542f1b372e574ab7bd9aa9ff68959651_mv2.jpeg/v1/fill/w_358,h_184,q_90/1f031c_542f1b372e574ab7bd9aa9ff68959651_mv2.jpg]
[static.wixstatic.com/media/1f031c_8c4447966be1467888bd935d9ae10684_mv2.jpg/v1/fill/w_449,h_231,q_90/1f031c_8c4447966be1467888bd935d9ae10684_mv2.jpg]
[static.wixstatic.com/media/1f031c_d92ddfbfaabc422796ad92f2ca7e91d4_mv2.png/v1/fill/w_249,h_364,al_c,q_85,usm_0.66_1.00_0.01,enc_auto/1 copy.png]
[static.wixstatic.com/media/1f031c_e7d4e297ac17434ca645c6a275fa2900_mv2.png/v1/fill/w_249,h_364,al_c,q_85,usm_0.66_1.00_0.01,enc_auto/1.png]
[static.wixstatic.com/media/1f031c_4d1f4895c0674a95bbcb3ef441614637_mv2.png/v1/fill/w_249,h_364,al_c,q_85,usm_0.66_1.00_0.01,enc_auto/2 copy.png]
[static.wixstatic.com/media/1f031c_df5d92158b774e2898514479e5470bbf_mv2.png/v1/fill/w_249,h_364,al_c,q_85,usm_0.66_1.00_0.01,enc_auto/2.png]
[static.wixstatic.com/media/1f031c_d19cba94f51a4aff9c1dbfe4ddf3bd2a_mv2.png/v1/fill/w_249,h_364,al_c,q_85,usm_0.66_1.00_0.01,enc_auto/3 copy.png]
[static.wixstatic.com/media/1f031c_1aa4940ab4f040d498b6cea3aa9613ec_mv2.png/v1/fill/w_249,h_364,al_c,q_85,usm_0.66_1.00_0.01,enc_auto/3.png]
[static.wixstatic.com/media/1f031c_1b45fd53c99e4de6a9e4061432b22bf4_mv2.png/v1/fill/w_249,h_364,al_c,q_85,usm_0.66_1.00_0.01,enc_auto/4 copy.png]
[static.wixstatic.com/media/1f031c_5aa8c07fdfa94a36aa260d8c11d01b0a_mv2.png/v1/fill/w_249,h_364,al_c,q_85,usm_0.66_1.00_0.01,enc_auto/4.png]
[static.wixstatic.com/media/1f031c_d0b58c5e3fd449baa638a9adc2a8549b_mv2.png/v1/fill/w_249,h_364,al_c,q_85,usm_0.66_1.00_0.01,enc_auto/5 copy.png]
[static.wixstatic.com/media/1f031c_94a2698a0784422bafdc22427f079990_mv2.png/v1/fill/w_249,h_364,al_c,q_85,usm_0.66_1.00_0.01,enc_auto/5.png]
[static.wixstatic.com/media/11062b_b305582aff90443a8d70d01dad370a6af000.jpg/v1/fill/w_147,h_83,al_c,q_80,usm_0.66_1.00_0.01,blur_2,/11062b_b305582aff90443a8d70d01dad370a6af000.7]
[static.wixstatic.com/media/1f031c_4f17ae4cf7e54c7f8dd8913e53d27181_mv2.png/v1/fill/w_63,h_24,al_c,q_85,usm_0.66_1.00_0.01,blur_2,enc_auto/events.png]
[static.wixstatic.com/media/1f031c_14c77e50cd504c999db60fb743a67fc3_mv2.png/v1/fill/w_121,h_121,al_c,q_85,usm_0.66_1.00_0.01,blur_2,enc_auto/grid.png]
[static.wixstatic.com/media/1f031c_d8c746827d9e48f5be85f0233ea4e382_mv2.jpg/v1/fill/w_50,h_50,al_c,q_80,usm_0.66_1.00_0.01,blur_2,enc_auto/lindsay-circle_edited.jpg]
[static.wixstatic.com/media/1f031c_dc9004b6aec948c5a431c53c538ee9ee_mv2.jpg/v1/fill/w_147,h_98,al_c,q_80,usm_0.66_1.00_0.01,blur_2,/1f031c_dc9004b6aec948c5a431c53c538ee9ee_mv2.7]
[static.wixstatic.com/media/1f031c_74aaf3087fea4df39278b508c26993bf_mv2.jpg/v1/fill/w_50,h_50,al_c,q_80,usm_0.66_1.00_0.01,blur_2,e/FFDEFA6A-8BA9-4543-AE6C-0749783EDF75-cir.7c.d]
[static.wixstatic.com/media/1f031c_bbd97068c4d44e8a932c67b6a0f6f2dc_mv2.jpg/v1/fill/w_50,h_50,al_c,q_80,usm_0.66_1.00_0.01,blur_2,enc_auto/diane-cover-circle_edited.jpg]
[www.virtualstaffing.net/careers.html]
[static.parastorage.com/services/editor-elements-library/dist/thunderbolt/media/sloppyframe.d2412ec4.png]
[www.virtualstaffing.net/contactus.html]
[static.wixstatic.com/media/1f031c_51e89733629948ee890a958621509d17_mv2.png/v1/fill/w_49,h_20,al_c,q_85,usm_0.66_1.00_0.01,blur_2,e/1f031c_51e89733629948ee890a958621509d17_mv2.8]
[static.wixstatic.com/media/1f031c_b9bade7b0cbb44d9945bdc29641c9a9d_mv2.png/v1/fill/w_116,h_37,al_c,q_85,usm_0.66_1.00_0.01,enc_auto/HIPPA.png]
[static.wixstatic.com/media/1f031c_642ef48c33fe4ce5b857a53a0ef1a2cb_mv2.png/v1/fill/w_49,h_31,al_c,q_85,usm_0.66_1.00_0.01,blur_2,e/1f031c_642ef48c33fe4ce5b857a53a0ef1a2cb_mv2.8]
[static.wixstatic.com/media/1f031c_ee736db585ff4b9385ef3f279bb7be3b_mv2.png/v1/fill/w_125,h_38,al_c,q_85,usm_0.66_1.00_0.01,enc_auto/PCI.png]
[static.wixstatic.com/media/1f031c_d0dabed78c1949b88d85223a55f1b783_mv2.png/v1/fill/w_73,h_66,al_c,q_85,usm_0.66_1.00_0.01,enc_auto/SOC.png]
[static.wixstatic.com/media/1f031c_82a1ed039a554834bbccb991fa42b3ab_mv2.png/v1/fill/w_53,h_11,al_c,q_85,usm_0.66_1.00_0.01,blur_2,enc_auto/advanced md logo.png]
[static.wixstatic.com/media/1f031c_56acbcb849e546488270bcfe9a1cc94e_mv2.png/v1/fill/w_153,h_36,al_c,q_85,blur_3,enc_auto/BirdEye_Logo.png]
[static.wixstatic.com/media/1f031c_8047eca570be4ef8bafe4da33b5bf452_mv2.png/v1/fill/w_164,h_46,al_c,q_85,blur_3,enc_auto/chrono.png]
[static.wixstatic.com/media/1f031c_d9401228c4304f8f934fe0762310f91e_mv2.png/v1/fill/w_178,h_40,al_c,q_85,blur_3,enc_auto/nextgen-healthcare-logo.png]
[static.wixstatic.com/media/1f031c_143aba8efd89448a99c7968d36608d5a_mv2.png/v1/fill/w_191,h_53,al_c,q_85,blur_3,enc_auto/phreesia.png]
[static.wixstatic.com/media/1f031c_057cd329cb7548299d811ea661479998_mv2.png/v1/fill/w_161,h_60,al_c,q_85,blur_3,enc_auto/ZocDoc_logo.png]
[www.virtualstaffing.net/healthcare.html]
[static.wixstatic.com/media/1f031c_6b1bf8cb987c4c73b41448dddb92f2af_mv2.png/v1/fill/w_124,h_79,al_c,q_85,usm_0.66_1.00_0.01,blur_3,enc_auto/Picture1_png-1.png]
[static.wixstatic.com/media/1f031c_543be460790c44b5b4b577a97be6f618_mv2.png/v1/fill/w_49,h_24,al_c,q_85,usm_0.66_1.00_0.01,blur_2,e/1f031c_543be460790c44b5b4b577a97be6f618_mv2.8]
[static.wixstatic.com/media/1f031c_0ed1bed054cb497a8566dd9b60a7c8b3_mv2.png/v1/fill/w_112,h_79,al_c,q_85,usm_0.66_1.00_0.01,blur_3,enc_auto/Picture1_png-8.png]
[static.wixstatic.com/media/1f031c_921f71ebd87e4841ab446f893ca7e356_mv2.png/v1/fill/w_145,h_69,al_c,q_85,usm_0.66_1.00_0.01,blur_3,enc_auto/Picture1_png-2.png]
[static.wixstatic.com/media/1f031c_0c244065be8f4e87984205d50d07feda_mv2.png/v1/fill/w_169,h_43,al_c,q_85,usm_0.66_1.00_0.01,blur_3,enc_auto/Picture1_png-7.png]
[static.wixstatic.com/media/1f031c_fe4c5aa0ba5f421b9f0daf6c8792e8c3_mv2.png/v1/fill/w_108,h_60,al_c,q_85,usm_0.66_1.00_0.01,blur_3,enc_auto/Picture1_png-3.png]
[static.wixstatic.com/media/1f031c_659ec8dcac274284b638dd2c39392dc6_mv2.png/v1/fill/w_103,h_55,al_c,q_85,usm_0.66_1.00_0.01,blur_3,enc_auto/Picture1_png-6.png]
[static.wixstatic.com/media/1f031c_81696bf7ad49440a8679301f531e7b5e_mv2.png/v1/fill/w_130,h_36,al_c,q_85,usm_0.66_1.00_0.01,blur_3,enc_auto/Picture1_png-4.png]
[static.wixstatic.com/media/1f031c_8990372aa2244fd48fc59b04ec26d767_mv2.png/v1/fill/w_57,h_9,al_c,q_85,usm_0.66_1.00_0.01,blur_2,enc_auto/Picture1_png-5.png]
[static.wixstatic.com/media/1f031c_7a5d12e064fe4c5e9e83188486a43218_mv2.png/v1/fill/w_56,h_9,al_c,q_85,usm_0.66_1.00_0.01,blur_2,enc_auto/Picture1_png-9.png]
[www.virtualstaffing.net/financialservices.html]
[www.virtualstaffing.net/internalsupport.html]
[www.virtualstaffing.net/media/emptystate.85a4add5.html]
[static.parastorage.com/services/pro-gallery-tpa/1.125.0/WixProGalleryViewerWidget.min.css]
[static.parastorage.com/services/pro-gallery-tpa/1.125.0/media/emptystate.85a4add5.svg]
[static.wixstatic.com/media/1f031c_64949e1fb00745fb83ed0c17522cfbb4_mv2.png/v1/fill/w_49,h_21,al_c,q_85,usm_0.66_1.00_0.01,blur_2,e/1f031c_64949e1fb00745fb83ed0c17522cfbb4_mv2.9]
[static.parastorage.com/services/pro-gallery-tpa/1.125.0/media/emptystate.85a4add5.svg]
